d:\timehero\timehero\timehero\x64\debug\vc142.pdb
d:\timehero\timehero\timehero\x64\debug\vc142.idb
d:\timehero\timehero\timehero\x64\debug\init.obj
d:\timehero\timehero\timehero\x64\debug\game.obj
d:\timehero\timehero\timehero\x64\debug\character.obj
d:\timehero\timehero\timehero\x64\debug\uimanager.obj
d:\timehero\timehero\x64\debug\timehero.exe
d:\timehero\timehero\timehero\x64\debug\timehero.ilk
d:\timehero\timehero\x64\debug\timehero.pdb
d:\timehero\timehero\timehero\x64\debug\timehero.tlog\cl.command.1.tlog
d:\timehero\timehero\timehero\x64\debug\timehero.tlog\cl.read.1.tlog
d:\timehero\timehero\timehero\x64\debug\timehero.tlog\cl.write.1.tlog
d:\timehero\timehero\timehero\x64\debug\timehero.tlog\link-cvtres.read.1.tlog
d:\timehero\timehero\timehero\x64\debug\timehero.tlog\link-cvtres.write.1.tlog
d:\timehero\timehero\timehero\x64\debug\timehero.tlog\link-rc.read.1.tlog
d:\timehero\timehero\timehero\x64\debug\timehero.tlog\link-rc.write.1.tlog
d:\timehero\timehero\timehero\x64\debug\timehero.tlog\link.20716-cvtres.read.1.tlog
d:\timehero\timehero\timehero\x64\debug\timehero.tlog\link.20716-cvtres.write.1.tlog
d:\timehero\timehero\timehero\x64\debug\timehero.tlog\link.20716-rc.read.1.tlog
d:\timehero\timehero\timehero\x64\debug\timehero.tlog\link.20716-rc.write.1.tlog
d:\timehero\timehero\timehero\x64\debug\timehero.tlog\link.20716.read.1.tlog
d:\timehero\timehero\timehero\x64\debug\timehero.tlog\link.20716.write.1.tlog
d:\timehero\timehero\timehero\x64\debug\timehero.tlog\link.command.1.tlog
d:\timehero\timehero\timehero\x64\debug\timehero.tlog\link.read.1.tlog
d:\timehero\timehero\timehero\x64\debug\timehero.tlog\link.write.1.tlog
